{"name": "Test05: Delete Team & Verify Status Code", "status": "failed", "statusDetails": {"message": "AssertionError: Verify equals failed, Actual: 200 is not equals to expected: 500", "trace": "self = <test_cases.test_api.Test_API object at 0x00000233D96EA9B0>\n\n    @allure.title('Test05: Delete Team & Verify Status Code')\n    @allure.description('this test delete and verify status code')\n    def test_delete_and_verify_team_name(self):\n        nodes = ['teams', 0, 'id']\n        id = APIFlows.get_value_from_api(nodes)\n        actual = APIFlows.delete_team(id)\n>       Verifications.verify_equals(actual, 500)\n\ntest_cases\\test_api.py:44: \n_ _ _ _ _ _ _ _ _ _ _ _ _ _ _ _ _ _ _ _ _ _ _ _ _ _ _ _ _ _ _ _ _ _ _ _ _ _ _ _\n\nactual = 200, expected = 500\n\n    @staticmethod\n    @allure.step('verify equals')\n    def verify_equals(actual, expected):\n>       assert actual == expected, 'Verify equals failed, Actual: ' + str(actual) + ' is not equals to expected: ' + str(expected)\nE       AssertionError: Verify equals failed, Actual: 200 is not equals to expected: 500\n\nextentions\\verifications.py:10: AssertionError"}, "description": "this test delete and verify status code", "steps": [{"name": "Get value from grafana api flow", "status": "passed", "steps": [{"name": "Get Request", "status": "passed", "parameters": [{"name": "path", "value": "'http://localhost:3000/api/teams/search'"}, {"name": "user", "value": "'admin'"}, {"name": "password", "value": "'admin'"}], "start": 1750430111856, "stop": 1750430111890}, {"name": "Extract value from response", "status": "passed", "parameters": [{"name": "response", "value": "<Response [200]>"}, {"name": "nodes", "value": "['teams', 0, 'id']"}], "start": 1750430111890, "stop": 1750430111890}], "parameters": [{"name": "nodes", "value": "['teams', 0, 'id']"}], "start": 1750430111855, "stop": 1750430111890}, {"name": "Delete team in Grafana flow", "status": "passed", "steps": [{"name": "DELETE Request", "status": "passed", "parameters": [{"name": "path", "value": "'http://localhost:3000/api/teams/17'"}, {"name": "user", "value": "'admin'"}, {"name": "password", "value": "'admin'"}], "start": 1750430111891, "stop": 1750430111936}], "parameters": [{"name": "id", "value": "17"}], "start": 1750430111891, "stop": 1750430111936}, {"name": "verify equals", "status": "failed", "statusDetails": {"message": "AssertionError: Verify equals failed, Actual: 200 is not equals to expected: 500\n", "trace": "  File \"C:\\Automation\\test_automation_infrastructure\\venv\\lib\\site-packages\\allure_commons\\_allure.py\", line 202, in impl\n    return func(*a, **kw)\n  File \"C:\\Automation\\test_automation_infrastructure\\extentions\\verifications.py\", line 10, in verify_equals\n    assert actual == expected, 'Verify equals failed, Actual: ' + str(actual) + ' is not equals to expected: ' + str(expected)\n"}, "parameters": [{"name": "actual", "value": "200"}, {"name": "expected", "value": "500"}], "start": 1750430111936, "stop": 1750430111936}], "start": 1750430111855, "stop": 1750430111938, "uuid": "28f27753-66aa-487f-85d3-a67100f777e2", "historyId": "68f267d748eddb21432a3a5c588c0573", "testCaseId": "68f267d748eddb21432a3a5c588c0573", "fullName": "test_cases.test_api.Test_API#test_delete_and_verify_team_name", "labels": [{"name": "parentSuite", "value": "test_cases"}, {"name": "suite", "value": "test_api"}, {"name": "subSuite", "value": "Test_API"}, {"name": "host", "value": "Erez"}, {"name": "thread", "value": "9604-MainThread"}, {"name": "framework", "value": "pytest"}, {"name": "language", "value": "cpython3"}, {"name": "package", "value": "test_cases.test_api"}]}